### ISSUE TITLE
Segmentation fault in UGameEngine::AdjustNetConnection

### ISSUE THREAD

**Issue by AndrewWiggins** [OldUnreal/UT2004Patches#459]
### Reproduction Steps

No idea.  Just after launching the game, I tried to connect to Miasma Freon 1 by mistake, I tried to cancel the connection, I don't know whether I managed to do anything.

### Expected Behavior

Successful connection and loading of map.

### Actual Behavior

The game faulted on the loading screen.

### Platform

Linux Native

### CPU Type

Intel/AMD

### GPU Manufacturer

AMD

### UT2004 Version

3374p17

### UT2004 Install Path

.local/share/OldUnreal/UT2004

### UT2004 Installer

OldUnreal Full Game Installer

### Additional Information

Context: First attempt to connect to a server after launching the game

Description : The game crashed with a segmentation fault during the first connection attempt to a multiplayer server, immediately after launching the game.

gdb :

```
Thread 1 "UT2004" received signal SIGSEGV, Segmentation fault. 
0x00007ffff164ec27 in UGameEngine::AdjustNetConnection(ULevel*) () from /home/jorgecpd/.local/share/OldUnreal/UT2004/System/Engine.so 
(gdb) bt full 
#0  0x00007ffff164ec27 in UGameEngine::AdjustNetConnection(ULevel*) () from /home/jorgecpd/.local/share/OldUnreal/UT2004/System/Engine.so 
No symbol table info available. 
#1  0x00007ffff1637dc2 in UGameEngine::Tick(float) () from /home/jorgecpd/.local/share/OldUnreal/UT2004/System/Engine.so 
No symbol table info available. 
#2  0x000055555557c5a6 in CMainLoop::RunLoop() () 
No symbol table info available. 
#3  0x000055555556c483 in main () 
No symbol table info available. 
(gdb) frame 0 
#0  0x00007ffff164ec27 in UGameEngine::AdjustNetConnection(ULevel*) () from /home/jorgecpd/.local/share/OldUnreal/UT2004/System/Engine.so 
(gdb) info registers 
rax            0x0                 0 
rbx            0xd1                209 
rcx            0x7ffff065aa70      140737226582640 
rdx            0x0                 0 
rsi            0x0                 0 
rdi            0x0                 0 
rbp            0x55555ec09030      0x55555ec09030 
rsp            0x7fffffffdbc0      0x7fffffffdbc0 
r8             0x73                115 
r9             0x55555d6fa420      93825128178720 
r10            0x1                 1 
r11            0x75                117 
r12            0x55555d6f8370      93825128170352 
r13            0x55555d59ff00      93825126760192 
r14            0x555555fa9300      93825003066112 
r15            0x7fffffffdbd0      140737488346064 
rip            0x7ffff164ec27      0x7ffff164ec27 <UGameEngine::AdjustNetConnection(ULevel*)+1079> 
eflags         0x210246            [ PF ZF IF RF ID ] 
cs             0x33                51 
ss             0x2b                43 
ds             0x0                 0 
es             0x0                 0 
fs             0x0                 0 
gs             0x0                 0 
pl3_ssp        <unavailable> 
fs_base        0x7ffff7fb5180      140737353830784 
gs_base        0x0                 0 
(gdb) x/i $pc 
=> 0x7ffff164ec27 <_ZN11UGameEngine19AdjustNetConnectionEP6ULevel+1079>:        movzbl 0x6024(%rax),%ebx 
(gdb) disassemble /r $pc-32, $pc+32 
Dump of assembler code from 0x7ffff164ec07 to 0x7ffff164ec47: 
  0x00007ffff164ec07 <_ZN11UGameEngine19AdjustNetConnectionEP6ULevel+1047>:    63 54 24 08             movsxd 0x8(%rsp),%edx 
  0x00007ffff164ec0b <_ZN11UGameEngine19AdjustNetConnectionEP6ULevel+1051>:    48 85 d2                test   %rdx,%rdx 
  0x00007ffff164ec0e <_ZN11UGameEngine19AdjustNetConnectionEP6ULevel+1054>:    74 0f                   je     0x7ffff164ec1f <_ZN11UGameEngine19AdjustNetConnectionEP6ULevel+1071> 
  0x00007ffff164ec10 <_ZN11UGameEngine19AdjustNetConnectionEP6ULevel+1056>:    48 8b 3c 24             mov    (%rsp),%rdi 
  0x00007ffff164ec14 <_ZN11UGameEngine19AdjustNetConnectionEP6ULevel+1060>:    48 c1 e2 02             shl    $0x2,%rdx 
  0x00007ffff164ec18 <_ZN11UGameEngine19AdjustNetConnectionEP6ULevel+1064>:    31 f6                   xor    %esi,%esi 
  0x00007ffff164ec1a <_ZN11UGameEngine19AdjustNetConnectionEP6ULevel+1066>:    e8 41 7b 3c 00          call   0x7ffff1a16760 <memset@plt> 
  0x00007ffff164ec1f <_ZN11UGameEngine19AdjustNetConnectionEP6ULevel+1071>:    48 8b 45 70             mov    0x70(%rbp),%rax 
  0x00007ffff164ec23 <_ZN11UGameEngine19AdjustNetConnectionEP6ULevel+1075>:    48 8b 40 68             mov    0x68(%rax),%rax 
=> 0x00007ffff164ec27 <_ZN11UGameEngine19AdjustNetConnectionEP6ULevel+1079>:    0f b6 98 24 60 00 00    movzbl 0x6024(%rax),%ebx 
  0x00007ffff164ec2e <_ZN11UGameEngine19AdjustNetConnectionEP6ULevel+1086>:    e8 6d 7b 3c 00          call   0x7ffff1a167a0 <_Z15internalAppRandv@plt> 
  0x00007ffff164ec33 <_ZN11UGameEngine19AdjustNetConnectionEP6ULevel+1091>:    8b 4c 24 38             mov    0x38(%rsp),%ecx 
  0x00007ffff164ec37 <_ZN11UGameEngine19AdjustNetConnectionEP6ULevel+1095>:    85 c9                   test   %ecx,%ecx 
  0x00007ffff164ec39 <_ZN11UGameEngine19AdjustNetConnectionEP6ULevel+1097>:    0f 8e 49 02 00 00       jle    0x7ffff164ee88 <_ZN11UGameEngine19AdjustNetConnectionEP6ULevel+1688> 
  0x00007ffff164ec3f <_ZN11UGameEngine19AdjustNetConnectionEP6ULevel+1103>:    89 c0                   mov    %eax,%eax 
  0x00007ffff164ec41 <_ZN11UGameEngine19AdjustNetConnectionEP6ULevel+1105>:    0f 57 c0                xorps  %xmm0,%xmm0 
  0x00007ffff164ec44 <_ZN11UGameEngine19AdjustNetConnectionEP6ULevel+1108>:    f3 48 0f 2a c0          cvtsi2ss %rax,%xmm0 
End of assembler dump. 
(gdb) print/x *(void**)($rbp + 0x70) 
$1 = 0x5555562eb550 
(gdb) set $a = *(void**)($rbp + 0x70) 
(gdb) x/16gx $a 
0x5555562eb550: 0x000055555cebc4b0      0x000055555a09c170 
0x5555562eb560: 0x000055555cebc4b0      0x000055555a09c170 
0x5555562eb570: 0x0000000000000000      0x00000000000001ac 
0x5555562eb580: 0x0000007200000065      0x00005555555e9380 
0x5555562eb590: 0x00008c61c0804040      0x00007fffd81f9448 
0x5555562eb5a0: 0x00007ffff1a2ba20      0x0000000000000000 
0x5555562eb5b0: 0x0000000000000000      0x0000000000000000 
0x5555562eb5c0: 0x0000000000000000      0x0000000000000000 
(gdb) print/x *(void**)($a + 0x68) 
$2 = 0x0 
(gdb) x/s *(void**)$a 
0x55555cebc4b0: "8\266\344\\UU" 
(gdb) x/32gx $a 
0x5555562eb550: 0x000055555cebc4b0      0x000055555a09c170 
0x5555562eb560: 0x000055555cebc4b0      0x000055555a09c170 
0x5555562eb570: 0x0000000000000000      0x00000000000001ac 
0x5555562eb580: 0x0000007200000065      0x00005555555e9380 
0x5555562eb590: 0x00008c61c0804040      0x00007fffd81f9448 
0x5555562eb5a0: 0x00007ffff1a2ba20      0x0000000000000000 
0x5555562eb5b0: 0x0000000000000000      0x0000000000000000 
0x5555562eb5c0: 0x0000000000000000      0x0000000000000000 
0x5555562eb5d0: 0x0000000000000000      0x0000000000000000 
0x5555562eb5e0: 0x0000000000000000      0x0000000000000000 
0x5555562eb5f0: 0x0000000000000000      0x0000000000000000 
0x5555562eb600: 0x0000000000000000      0x0000000000000000 
0x5555562eb610: 0x0000000000000000      0x0000000000000000 
0x5555562eb620: 0x0000000000000000      0x0000000000000000 
0x5555562eb630: 0x0000000000000000      0x0000000000000000 
0x5555562eb640: 0x0000000000000000      0x0000000000000000 
(gdb) bt
#0  0x00007ffff164ec27 in UGameEngine::AdjustNetConnection(ULevel*) () from /home/jorgecpd/.local/share/OldUnreal/UT2004/System/Engine.so
#1  0x00007ffff1637dc2 in UGameEngine::Tick(float) () from /home/jorgecpd/.local/share/OldUnreal/UT2004/System/Engine.so
#2  0x000055555557c5a6 in CMainLoop::RunLoop() ()
#3  0x000055555556c483 in main ()
(gdb) frame 1
#1  0x00007ffff1637dc2 in UGameEngine::Tick(float) () from /home/jorgecpd/.local/share/OldUnreal/UT2004/System/Engine.so
(gdb) list
1       // -*- C++ -*- header.
2
3       // Copyright (C) 2008-2025 Free Software Foundation, Inc.
4       //
5       // This file is part of the GNU ISO C++ Library.  This library is free
6       // software; you can redistribute it and/or modify it under the
7       // terms of the GNU General Public License as published by the
8       // Free Software Foundation; either version 3, or (at your option)
9       // any later version.
10
(gdb) 

```

**Comment by brainstormed** [comment]
Linux specific shit strikes again. Tried hosting servers on Linux once a upon a time, never again.... I fear that no matter what people do it will never be stable for such old games.🤷‍♂️
